[2024-03-20 10:15:23] System Information:
OS: Windows 10 Pro
Version: 10.0.26100
Architecture: x64
Hostname: MATRIX-DEV
IP: 192.168.1.100
Admin Users: admin, root
Database: SQLite3 (matrix.db)
Last Backup: 2024-03-19 23:00:00

[2024-03-20 10:15:24] Security Events:
- Failed login attempts: 3
- Last security scan: 2024-03-20 09:00:00
- Firewall Status: Active
- Antivirus: Windows Defender (Up to date)

[2024-03-20 10:15:25] Application Logs:
- Matrix v1.0.0 running
- Database connection established
- API endpoints initialized
- WebSocket server started on port 9002

[2024-03-20 10:15:26] Error Logs:
- WARNING: Unauthorized access attempt to /api/admin
- ERROR: Database connection timeout (resolved)
- INFO: User session expired: user123

[2024-03-20 10:15:27] Configuration:
- Debug Mode: Enabled
- Log Level: DEBUG
- Environment: Development
- API Keys: [REDACTED]
- Database Credentials: [REDACTED] 